.android/Flutter/build/outputs/mapping/release/usage.txt
com.example.flutter_module_rn.R$anim:
    public static int abc_fade_in
    public static int abc_fade_out
    public static int abc_grow_fade_in_from_bottom
    public static int abc_popup_enter
    public static int abc_popup_exit
    public static int abc_shrink_fade_out_from_bottom
    public static int abc_slide_in_bottom
    public static int abc_slide_in_top
    public static int abc_slide_out_bottom
    public static int abc_slide_out_top
    public static int abc_tooltip_enter
    public static int abc_tooltip_exit
    public static int design_bottom_sheet_slide_in
    public static int design_bottom_sheet_slide_out
    public static int design_snackbar_in
    public static int design_snackbar_out
com.example.flutter_module_rn.R$drawable:
    public static int abc_ab_share_pack_mtrl_alpha
    public static int abc_action_bar_item_background_material
    public static int abc_btn_borderless_material
    public static int abc_btn_check_material
    public static int abc_btn_check_to_on_mtrl_000
    public static int abc_btn_check_to_on_mtrl_015
    public static int abc_btn_colored_material
    public static int abc_btn_default_mtrl_shape
    public static int abc_btn_radio_material
    public static int abc_btn_radio_to_on_mtrl_000
    public static int abc_btn_radio_to_on_mtrl_015
    public static int abc_btn_switch_to_on_mtrl_00001
    public static int abc_btn_switch_to_on_mtrl_00012
    public static int abc_cab_background_internal_bg
    public static int abc_cab_background_top_material
    public static int abc_cab_background_top_mtrl_alpha
    public static int abc_control_background_material
    public static int abc_dialog_material_background
    public static int abc_edit_text_material
    public static int abc_ic_ab_back_material
    public static int abc_ic_arrow_drop_right_black_24dp
    public static int abc_ic_clear_material
    public static int abc_ic_commit_search_api_mtrl_alpha
    public static int abc_ic_go_search_api_material
    public static int abc_ic_menu_copy_mtrl_am_alpha
    public static int abc_ic_menu_cut_mtrl_alpha
    public static int abc_ic_menu_overflow_material
    public static int abc_ic_menu_paste_mtrl_am_alpha
com.example.flutter_module_rn.R$dimen:
    public static int abc_action_bar_content_inset_material
    public static int abc_action_bar_content_inset_with_nav
    public static int abc_action_bar_default_height_material
    public static int abc_action_bar_default_padding_end_material
    public static int abc_action_bar_default_padding_start_material
    public static int abc_action_bar_elevation_material
    public static int abc_action_bar_icon_vertical_padding_material
    public static int abc_action_bar_overflow_padding_end_material
    public static int abc_action_bar_overflow_padding_start_material
    public static int abc_action_bar_stacked_max_height
    public static int abc_action_bar_stacked_tab_max_width
    public static int abc_action_bar_subtitle_bottom_margin_material
    public static int abc_action_bar_subtitle_top_margin_material
    public static int abc_action_button_min_height_material
    public static int abc_action_button_min_width_material
    public static int abc_action_button_min_width_overflow_material
    public static int abc_alert_dialog_button_bar_height
    public static int abc_alert_dialog_button_dimen
    public static int abc_button_inset_horizontal_material
    public static int abc_button_inset_vertical_material
    public static int abc_button_padding_horizontal_material
    public static int abc_button_padding_vertical_material
    public static int abc_cascading_menus_min_smallest_width